0 info it worked if it ends with ok
1 verbose cli [ '/usr/local/bin/node',
1 verbose cli   '/usr/local/bin/npm',
1 verbose cli   'run',
1 verbose cli   'development' ]
2 info using npm@4.1.1
3 info using node@v7.4.0
4 verbose run-script [ 'predevelopment', 'development', 'postdevelopment' ]
5 info lifecycle lamar_talks_code@1.0.0~predevelopment: lamar_talks_code@1.0.0
6 silly lifecycle lamar_talks_code@1.0.0~predevelopment: no script for predevelopment, continuing
7 info lifecycle lamar_talks_code@1.0.0~development: lamar_talks_code@1.0.0
8 verbose lifecycle lamar_talks_code@1.0.0~development: unsafe-perm in lifecycle true
9 verbose lifecycle lamar_talks_code@1.0.0~development: PATH: /usr/local/lib/node_modules/npm/bin/node-gyp-bin:/Users/Customer/Developer/webApps/lamar_talks_code/app/node_modules/.bin:/Users/Customer/.rvm/gems/ruby-2.4.2/bin:/Users/Customer/.rvm/gems/ruby-2.4.2@global/bin:/Users/Customer/.rvm/rubies/ruby-2.4.2/bin:/opt/local/bin:/opt/local/sbin://anaconda/bin:/Library/Frameworks/Python.framework/Versions/3.5/bin:/usr/local/bin:/usr/bin:/bin:/usr/sbin:/sbin:/Users/Customer/Developer/java/play_framework:/Users/Customer/.rvm/bin
10 verbose lifecycle lamar_talks_code@1.0.0~development: CWD: /Users/Customer/Developer/webApps/lamar_talks_code/app
11 silly lifecycle lamar_talks_code@1.0.0~development: Args: [ '-c',
11 silly lifecycle   'cp views/index.html public/index.html && NODE_ENV=development webpack && npm run webpack-dev-server' ]
12 silly lifecycle lamar_talks_code@1.0.0~development: Returned: code: 1  signal: null
13 info lifecycle lamar_talks_code@1.0.0~development: Failed to exec development script
14 verbose stack Error: lamar_talks_code@1.0.0 development: `cp views/index.html public/index.html && NODE_ENV=development webpack && npm run webpack-dev-server`
14 verbose stack Exit status 1
14 verbose stack     at EventEmitter.<anonymous> (/usr/local/lib/node_modules/npm/lib/utils/lifecycle.js:279:16)
14 verbose stack     at emitTwo (events.js:106:13)
14 verbose stack     at EventEmitter.emit (events.js:191:7)
14 verbose stack     at ChildProcess.<anonymous> (/usr/local/lib/node_modules/npm/lib/utils/spawn.js:40:14)
14 verbose stack     at emitTwo (events.js:106:13)
14 verbose stack     at ChildProcess.emit (events.js:191:7)
14 verbose stack     at maybeClose (internal/child_process.js:885:16)
14 verbose stack     at Process.ChildProcess._handle.onexit (internal/child_process.js:226:5)
15 verbose pkgid lamar_talks_code@1.0.0
16 verbose cwd /Users/Customer/Developer/webApps/lamar_talks_code/app
17 error Darwin 17.2.0
18 error argv "/usr/local/bin/node" "/usr/local/bin/npm" "run" "development"
19 error node v7.4.0
20 error npm  v4.1.1
21 error code ELIFECYCLE
22 error lamar_talks_code@1.0.0 development: `cp views/index.html public/index.html && NODE_ENV=development webpack && npm run webpack-dev-server`
22 error Exit status 1
23 error Failed at the lamar_talks_code@1.0.0 development script 'cp views/index.html public/index.html && NODE_ENV=development webpack && npm run webpack-dev-server'.
23 error Make sure you have the latest version of node.js and npm installed.
23 error If you do, this is most likely a problem with the lamar_talks_code package,
23 error not with npm itself.
23 error Tell the author that this fails on your system:
23 error     cp views/index.html public/index.html && NODE_ENV=development webpack && npm run webpack-dev-server
23 error You can get information on how to open an issue for this project with:
23 error     npm bugs lamar_talks_code
23 error Or if that isn't available, you can get their info via:
23 error     npm owner ls lamar_talks_code
23 error There is likely additional logging output above.
24 verbose exit [ 1, true ]
